生成启动时间为 2018/1/16 15:57:14。
     1>项目“G:\VS_Workspace\ApkDiff\ApkDiff\ApkDiff.vcxproj”在节点 2 上(rebuild 个目标)。
     1>InitializeBuildStatus:
         正在创建“x64\Debug\ApkDiff.unsuccessfulbuild”，因为已指定“AlwaysCreate”。
       ClCompile:
         d:\Program Files (x86)\Microsoft Visual Studio 10.0\VC\bin\x86_amd64\CL.exe /c /Zi /nologo /W3 /WX- /Od /D WIN32 /D _DEBUG /D _CONSOLE /D _WINDLL /D _MBCS /Gm /EHsc /RTC1 /MDd /GS /fp:precise /Zc:wchar_t /Zc:forScope /Fo"x64\Debug\\" /Fd"x64\Debug\vc100.pdb" /Gd /TC /errorReport:prompt src\blocksort.c src\bzlib.c src\compress.c src\crctable.c src\decompress.c src\huffman.c src\randtable.c
         randtable.c
         huffman.c
         decompress.c
         crctable.c
         compress.c
     1>src\compress.c(205): warning C4244: “=”: 从“__int64”转换到“Int32”，可能丢失数据
         bzlib.c
     1>src\bzlib.c(994): warning C4267: “=”: 从“size_t”转换到“Int32”，可能丢失数据
     1>src\bzlib.c(1053): warning C4267: “=”: 从“size_t”转换到“Int32”，可能丢失数据
     1>src\bzlib.c(1188): warning C4267: “=”: 从“size_t”转换到“Int32”，可能丢失数据
     1>src\bzlib.c(1414): warning C4996: 'strcat': This function or variable may be unsafe. Consider using strcat_s instead. To disable deprecation, use _CRT_SECURE_NO_WARNINGS. See online help for details.
                 d:\Program Files (x86)\Microsoft Visual Studio 10.0\VC\include\string.h(110) : 参见“strcat”的声明
     1>src\bzlib.c(1415): warning C4996: 'strcat': This function or variable may be unsafe. Consider using strcat_s instead. To disable deprecation, use _CRT_SECURE_NO_WARNINGS. See online help for details.
                 d:\Program Files (x86)\Microsoft Visual Studio 10.0\VC\include\string.h(110) : 参见“strcat”的声明
     1>src\bzlib.c(1420): warning C4996: 'setmode': The POSIX name for this item is deprecated. Instead, use the ISO C++ conformant name: _setmode. See online help for details.
                 d:\Program Files (x86)\Microsoft Visual Studio 10.0\VC\include\io.h(314) : 参见“setmode”的声明
     1>src\bzlib.c(1420): warning C4996: 'fileno': The POSIX name for this item is deprecated. Instead, use the ISO C++ conformant name: _fileno. See online help for details.
                 d:\Program Files (x86)\Microsoft Visual Studio 10.0\VC\include\stdio.h(723) : 参见“fileno”的声明
     1>src\bzlib.c(1422): warning C4996: 'fopen': This function or variable may be unsafe. Consider using fopen_s instead. To disable deprecation, use _CRT_SECURE_NO_WARNINGS. See online help for details.
                 d:\Program Files (x86)\Microsoft Visual Studio 10.0\VC\include\stdio.h(234) : 参见“fopen”的声明
     1>src\bzlib.c(1428): warning C4996: 'fdopen': The POSIX name for this item is deprecated. Instead, use the ISO C++ conformant name: _fdopen. See online help for details.
                 d:\Program Files (x86)\Microsoft Visual Studio 10.0\VC\include\stdio.h(721) : 参见“fdopen”的声明
         blocksort.c
         Generating Code...
         d:\Program Files (x86)\Microsoft Visual Studio 10.0\VC\bin\x86_amd64\CL.exe /c /Zi /nologo /W3 /WX- /Od /D WIN32 /D _DEBUG /D _CONSOLE /D _WINDLL /D _MBCS /Gm /EHsc /RTC1 /MDd /GS /fp:precise /Zc:wchar_t /Zc:forScope /Fo"x64\Debug\\" /Fd"x64\Debug\vc100.pdb" /Gd /TP /errorReport:prompt src\bsdiff.cpp
         bsdiff.cpp
     1>src\bsdiff.cpp(265): warning C4996: 'open': The POSIX name for this item is deprecated. Instead, use the ISO C++ conformant name: _open. See online help for details.
                 d:\Program Files (x86)\Microsoft Visual Studio 10.0\VC\include\io.h(312) : 参见“open”的声明
     1>src\bsdiff.cpp(265): warning C4996: 'lseek': The POSIX name for this item is deprecated. Instead, use the ISO C++ conformant name: _lseek. See online help for details.
                 d:\Program Files (x86)\Microsoft Visual Studio 10.0\VC\include\io.h(310) : 参见“lseek”的声明
     1>src\bsdiff.cpp(268): warning C4996: 'read': The POSIX name for this item is deprecated. Instead, use the ISO C++ conformant name: _read. See online help for details.
                 d:\Program Files (x86)\Microsoft Visual Studio 10.0\VC\include\io.h(313) : 参见“read”的声明
     1>src\bsdiff.cpp(269): warning C4996: 'close': The POSIX name for this item is deprecated. Instead, use the ISO C++ conformant name: _close. See online help for details.
                 d:\Program Files (x86)\Microsoft Visual Studio 10.0\VC\include\io.h(302) : 参见“close”的声明
     1>src\bsdiff.cpp(293): warning C4996: 'open': The POSIX name for this item is deprecated. Instead, use the ISO C++ conformant name: _open. See online help for details.
                 d:\Program Files (x86)\Microsoft Visual Studio 10.0\VC\include\io.h(312) : 参见“open”的声明
     1>src\bsdiff.cpp(297): warning C4996: 'read': The POSIX name for this item is deprecated. Instead, use the ISO C++ conformant name: _read. See online help for details.
                 d:\Program Files (x86)\Microsoft Visual Studio 10.0\VC\include\io.h(313) : 参见“read”的声明
     1>src\bsdiff.cpp(298): warning C4996: 'close': The POSIX name for this item is deprecated. Instead, use the ISO C++ conformant name: _close. See online help for details.
                 d:\Program Files (x86)\Microsoft Visual Studio 10.0\VC\include\io.h(302) : 参见“close”的声明
     1>src\bsdiff.cpp(310): warning C4996: 'fopen': This function or variable may be unsafe. Consider using fopen_s instead. To disable deprecation, use _CRT_SECURE_NO_WARNINGS. See online help for details.
                 d:\Program Files (x86)\Microsoft Visual Studio 10.0\VC\include\stdio.h(234) : 参见“fopen”的声明
       ManifestResourceCompile:
         C:\Program Files (x86)\Microsoft SDKs\Windows\v7.0A\bin\rc.exe /nologo /fo"x64\Debug\ApkDiff.dll.embed.manifest.res" x64\Debug\ApkDiff_manifest.rc 
       Link:
         d:\Program Files (x86)\Microsoft Visual Studio 10.0\VC\bin\x86_amd64\link.exe /ERRORREPORT:PROMPT /OUT:"G:\VS_Workspace\ApkDiff\x64\Debug\ApkDiff.dll" /INCREMENTAL /NOLOGO kernel32.lib user32.lib gdi32.lib winspool.lib comdlg32.lib advapi32.lib shell32.lib ole32.lib oleaut32.lib uuid.lib odbc32.lib odbccp32.lib /MANIFEST /ManifestFile:"x64\Debug\ApkDiff.dll.intermediate.manifest" /MANIFESTUAC:"level='asInvoker' uiAccess='false'" /DEBUG /PDB:"G:\VS_Workspace\ApkDiff\x64\Debug\ApkDiff.pdb" /SUBSYSTEM:CONSOLE /TLBID:1 /DYNAMICBASE /NXCOMPAT /IMPLIB:"G:\VS_Workspace\ApkDiff\x64\Debug\ApkDiff.lib" /MACHINE:X64 /DLL x64\Debug\ApkDiff.dll.embed.manifest.res
         x64\Debug\blocksort.obj
         x64\Debug\bsdiff.obj
         x64\Debug\bzlib.obj
         x64\Debug\compress.obj
         x64\Debug\crctable.obj
         x64\Debug\decompress.obj
         x64\Debug\huffman.obj
         x64\Debug\randtable.obj
            正在创建库 G:\VS_Workspace\ApkDiff\x64\Debug\ApkDiff.lib 和对象 G:\VS_Workspace\ApkDiff\x64\Debug\ApkDiff.exp
         ApkDiff.vcxproj -> G:\VS_Workspace\ApkDiff\x64\Debug\ApkDiff.dll
       Manifest:
         正在删除文件“x64\Debug\ApkDiff.dll.embed.manifest”。
         C:\Program Files (x86)\Microsoft SDKs\Windows\v7.0A\bin\mt.exe /nologo /verbose /out:"x64\Debug\ApkDiff.dll.embed.manifest" /manifest x64\Debug\ApkDiff.dll.intermediate.manifest
         C:\Program Files (x86)\Microsoft SDKs\Windows\v7.0A\bin\rc.exe /nologo /fo"x64\Debug\ApkDiff.dll.embed.manifest.res" x64\Debug\ApkDiff_manifest.rc 
       LinkEmbedManifest:
         d:\Program Files (x86)\Microsoft Visual Studio 10.0\VC\bin\x86_amd64\link.exe /ERRORREPORT:PROMPT /OUT:"G:\VS_Workspace\ApkDiff\x64\Debug\ApkDiff.dll" /INCREMENTAL /NOLOGO kernel32.lib user32.lib gdi32.lib winspool.lib comdlg32.lib advapi32.lib shell32.lib ole32.lib oleaut32.lib uuid.lib odbc32.lib odbccp32.lib /MANIFEST /ManifestFile:"x64\Debug\ApkDiff.dll.intermediate.manifest" /MANIFESTUAC:"level='asInvoker' uiAccess='false'" /DEBUG /PDB:"G:\VS_Workspace\ApkDiff\x64\Debug\ApkDiff.pdb" /SUBSYSTEM:CONSOLE /TLBID:1 /DYNAMICBASE /NXCOMPAT /IMPLIB:"G:\VS_Workspace\ApkDiff\x64\Debug\ApkDiff.lib" /MACHINE:X64 /DLL x64\Debug\ApkDiff.dll.embed.manifest.res
         x64\Debug\blocksort.obj
         x64\Debug\bsdiff.obj
         x64\Debug\bzlib.obj
         x64\Debug\compress.obj
         x64\Debug\crctable.obj
         x64\Debug\decompress.obj
         x64\Debug\huffman.obj
         x64\Debug\randtable.obj
            正在创建库 G:\VS_Workspace\ApkDiff\x64\Debug\ApkDiff.lib 和对象 G:\VS_Workspace\ApkDiff\x64\Debug\ApkDiff.exp
         ApkDiff.vcxproj -> G:\VS_Workspace\ApkDiff\x64\Debug\ApkDiff.dll
       FinalizeBuildStatus:
         正在删除文件“x64\Debug\ApkDiff.unsuccessfulbuild”。
         正在对“x64\Debug\ApkDiff.lastbuildstate”执行 Touch 任务。
     1>已完成生成项目“G:\VS_Workspace\ApkDiff\ApkDiff\ApkDiff.vcxproj”(rebuild 个目标)的操作。

生成成功。

已用时间 00:00:03.14
